<?xml version="1.0" encoding="UTF-8"?>
<!-- Generated by org.testng.reporters.JUnitReportReporter -->
<testsuite hostname="KOCWX21981" failures="0" tests="2" name="AutomationTraining.Tests.SubmitOrderTest" time="13.045" errors="0" timestamp="2022-11-15T09:18:05 IST" skipped="0">
  <testcase classname="AutomationTraining.Tests.SubmitOrderTest" name="OrderHistoryTest" time="5.291"/>
  <system-out/>
  <testcase classname="AutomationTraining.Tests.SubmitOrderTest" name="submitOrder" time="7.754"/>
  <system-out/>
</testsuite> <!-- AutomationTraining.Tests.SubmitOrderTest -->
