<?xml version="1.0" encoding="UTF-8"?>
<!-- Generated by org.testng.reporters.JUnitReportReporter -->
<testsuite hostname="KOCWX21981" failures="0" tests="1" name="cucumber.TestNGTestRunner" time="8.393" errors="0" timestamp="2022-11-25T22:34:11 IST" skipped="0">
  <testcase classname="cucumber.TestNGTestRunner" name="runScenario" time="8.393"/>
  <system-out/>
</testsuite> <!-- cucumber.TestNGTestRunner -->
