<?xml version="1.0" encoding="UTF-8"?>
<!-- Generated by org.testng.reporters.JUnitReportReporter -->
<testsuite hostname="KOCWX21981" failures="0" tests="2" name="AutomationTraining.Tests.SubmitOrderTest" time="20.159" errors="0" timestamp="2022-11-25T21:24:10 IST" skipped="0">
  <testcase classname="AutomationTraining.Tests.SubmitOrderTest" name="submitOrder" time="12.700"/>
  <system-out/>
  <testcase classname="AutomationTraining.Tests.SubmitOrderTest" name="submitOrder" time="7.459"/>
  <system-out/>
</testsuite> <!-- AutomationTraining.Tests.SubmitOrderTest -->
