<?xml version="1.0" encoding="UTF-8"?>
<!-- Generated by org.testng.reporters.JUnitReportReporter -->
<testsuite hostname="KOCWX21981" failures="0" tests="3" name="AutomationTraining.Tests.SubmitOrderTest" time="35.921" errors="0" timestamp="2022-11-22T12:31:05 IST" skipped="0">
  <testcase classname="AutomationTraining.Tests.SubmitOrderTest" name="submitOrder" time="8.989"/>
  <system-out/>
  <testcase classname="AutomationTraining.Tests.SubmitOrderTest" name="submitOrder" time="23.283"/>
  <system-out/>
  <testcase classname="AutomationTraining.Tests.SubmitOrderTest" name="OrderHistoryTest" time="3.649"/>
  <system-out/>
</testsuite> <!-- AutomationTraining.Tests.SubmitOrderTest -->
