<?xml version="1.0" encoding="UTF-8"?>
<!-- Generated by org.testng.reporters.JUnitReportReporter -->
<testsuite hostname="KOCWX21981" failures="0" tests="2" name="AutomationTraining.Tests.SubmitOrderTest" time="26.789" errors="0" timestamp="2022-11-15T21:20:44 IST" skipped="0">
  <testcase classname="AutomationTraining.Tests.SubmitOrderTest" name="submitOrder" time="15.495"/>
  <system-out/>
  <testcase classname="AutomationTraining.Tests.SubmitOrderTest" name="submitOrder" time="11.294"/>
  <system-out/>
</testsuite> <!-- AutomationTraining.Tests.SubmitOrderTest -->
