<?xml version="1.0" encoding="UTF-8"?>
<!-- Generated by org.testng.reporters.JUnitReportReporter -->
<testsuite hostname="KOCWX21981" failures="0" tests="2" name="AutomationTraining.Tests.SubmitOrderTest" time="19.281" errors="0" timestamp="2022-11-16T08:43:00 IST" skipped="0">
  <testcase classname="AutomationTraining.Tests.SubmitOrderTest" name="submitOrder" time="9.380"/>
  <system-out/>
  <testcase classname="AutomationTraining.Tests.SubmitOrderTest" name="submitOrder" time="9.901"/>
  <system-out/>
</testsuite> <!-- AutomationTraining.Tests.SubmitOrderTest -->
