<?xml version="1.0" encoding="UTF-8"?>
<!-- Generated by org.testng.reporters.JUnitReportReporter -->
<testsuite hostname="KOCWX21981" failures="0" tests="3" name="AutomationTraining.Tests.SubmitOrderTest" time="21.674" errors="0" timestamp="2022-11-22T11:06:16 IST" skipped="0">
  <testcase classname="AutomationTraining.Tests.SubmitOrderTest" name="OrderHistoryTest" time="3.920"/>
  <system-out/>
  <testcase classname="AutomationTraining.Tests.SubmitOrderTest" name="submitOrder" time="9.778"/>
  <system-out/>
  <testcase classname="AutomationTraining.Tests.SubmitOrderTest" name="submitOrder" time="7.976"/>
  <system-out/>
</testsuite> <!-- AutomationTraining.Tests.SubmitOrderTest -->
