<?xml version="1.0" encoding="UTF-8"?>
<!-- Generated by org.testng.reporters.JUnitReportReporter -->
<testsuite hostname="KOCWX21981" failures="0" tests="1" name="AutomationTraining.Tests.ErrorValidation" time="6.419" errors="0" timestamp="2022-11-11T08:15:06 IST" skipped="0">
  <testcase classname="AutomationTraining.Tests.ErrorValidation" name="submitOrder" time="6.419"/>
  <system-out/>
</testsuite> <!-- AutomationTraining.Tests.ErrorValidation -->
