<?xml version="1.0" encoding="UTF-8"?>
<!-- Generated by org.testng.reporters.JUnitReportReporter -->
<testsuite hostname="KOCWX21981" failures="0" tests="1" name="AutomationTraining.Tests.UsingFrameworkTest" time="10.390" errors="0" timestamp="2022-11-11T07:53:57 IST" skipped="0">
  <testcase classname="AutomationTraining.Tests.UsingFrameworkTest" name="submitOrder" time="10.390"/>
  <system-out/>
</testsuite> <!-- AutomationTraining.Tests.UsingFrameworkTest -->
