<?xml version="1.0" encoding="UTF-8"?>
<!-- Generated by org.testng.reporters.JUnitReportReporter -->
<testsuite hostname="KOCWX21981" failures="0" tests="1" name="cucumber.TestNGTestRunner" time="24.221" errors="0" timestamp="2022-11-27T08:33:00 IST" skipped="0">
  <testcase classname="cucumber.TestNGTestRunner" name="runScenario" time="24.221"/>
  <system-out/>
</testsuite> <!-- cucumber.TestNGTestRunner -->
