<?xml version="1.0" encoding="UTF-8"?>
<!-- Generated by org.testng.reporters.JUnitReportReporter -->
<testsuite hostname="KOCWX21981" failures="0" tests="1" name="AutomationTraining.Tests.UsingFrameworkTest" time="11.775" errors="0" timestamp="2022-11-10T22:14:54 IST" skipped="0">
  <testcase classname="AutomationTraining.Tests.UsingFrameworkTest" name="submitOrder" time="11.775"/>
  <system-out/>
</testsuite> <!-- AutomationTraining.Tests.UsingFrameworkTest -->
