<?xml version="1.0" encoding="UTF-8"?>
<!-- Generated by org.testng.reporters.JUnitReportReporter -->
<testsuite hostname="KOCWX21981" failures="0" tests="1" name="AutomationTraining.Tests.SubmitOrderTest" time="11.182" errors="0" timestamp="2022-11-11T11:00:45 IST" skipped="0">
  <testcase classname="AutomationTraining.Tests.SubmitOrderTest" name="submitOrder" time="11.182"/>
  <system-out/>
</testsuite> <!-- AutomationTraining.Tests.SubmitOrderTest -->
