<?xml version="1.0" encoding="UTF-8"?>
<!-- Generated by org.testng.reporters.JUnitReportReporter -->
<testsuite hostname="KOCWX21981" failures="0" tests="1" name="AutomationTraining.Tests.ErrorValidationTest" time="6.896" errors="0" timestamp="2022-11-15T09:54:10 IST" skipped="0">
  <testcase classname="AutomationTraining.Tests.ErrorValidationTest" name="LoginErrorValidation" time="6.896"/>
  <system-out/>
</testsuite> <!-- AutomationTraining.Tests.ErrorValidationTest -->
